SRVX/app/build/intermediates/manifest_merge_blame_file/playstoreDebug/processPlaystoreDebugMainManifest/manifest-merger-blame-playstore-debug-report.txt
1<?xml version="1.0" encoding="utf-8"?>
2<manifest xmlns:android="http://schemas.android.com/apk/res/android"
3    package="ir.smcx.srvx"
4    android:versionCode="4000733"
5    android:versionName="2.2.3" >
6
7    <uses-sdk
7-->INJECTED
8        android:minSdkVersion="24"
8-->INJECTED
9        android:targetSdkVersion="37" />
9-->INJECTED
10
11    <supports-screens
11-->src\main\AndroidManifest.xml:6:5-11:40
12        android:anyDensity="true"
12-->src\main\AndroidManifest.xml:7:9-34
13        android:largeScreens="true"
13-->src\main\AndroidManifest.xml:8:9-36
14        android:normalScreens="true"
14-->src\main\AndroidManifest.xml:9:9-37
15        android:smallScreens="true"
15-->src\main\AndroidManifest.xml:10:9-36
16        android:xlargeScreens="true" />
16-->src\main\AndroidManifest.xml:11:9-37
17
18    <uses-feature
18-->src\main\AndroidManifest.xml:13:5-15:36
19        android:name="android.hardware.camera"
19-->src\main\AndroidManifest.xml:14:9-47
20        android:required="false" />
20-->src\main\AndroidManifest.xml:15:9-33
21    <uses-feature
21-->src\main\AndroidManifest.xml:16:5-18:36
22        android:name="android.hardware.camera.autofocus"
22-->src\main\AndroidManifest.xml:17:9-57
23        android:required="false" />
23-->src\main\AndroidManifest.xml:18:9-33
24    <uses-feature
24-->src\main\AndroidManifest.xml:19:5-21:36
25        android:name="android.software.leanback"
25-->src\main\AndroidManifest.xml:20:9-49
26        android:required="false" />
26-->src\main\AndroidManifest.xml:21:9-33
27    <uses-feature
27-->src\main\AndroidManifest.xml:22:5-24:36
28        android:name="android.hardware.touchscreen"
28-->src\main\AndroidManifest.xml:23:9-52
29        android:required="false" />
29-->src\main\AndroidManifest.xml:24:9-33
30
31    <!-- https://developer.android.com/about/versions/11/privacy/package-visibility -->
32    <uses-permission android:name="android.permission.QUERY_ALL_PACKAGES" />
32-->src\main\AndroidManifest.xml:27:5-29:77
32-->src\main\AndroidManifest.xml:28:9-61
33    <uses-permission android:name="android.permission.ACCESS_NETWORK_STATE" />
33-->src\main\AndroidManifest.xml:30:5-79
33-->src\main\AndroidManifest.xml:30:22-76
34    <uses-permission android:name="android.permission.CHANGE_NETWORK_STATE" />
34-->src\main\AndroidManifest.xml:31:5-79
34-->src\main\AndroidManifest.xml:31:22-76
35    <uses-permission android:name="android.permission.INTERNET" />
35-->src\main\AndroidManifest.xml:32:5-67
35-->src\main\AndroidManifest.xml:32:22-64
36    <uses-permission android:name="android.permission.CAMERA" />
36-->src\main\AndroidManifest.xml:33:5-65
36-->src\main\AndroidManifest.xml:33:22-62
37    <uses-permission android:name="android.permission.FOREGROUND_SERVICE" />
37-->src\main\AndroidManifest.xml:34:5-35:51
37-->src\main\AndroidManifest.xml:34:22-74
38    <uses-permission
38-->src\main\AndroidManifest.xml:36:5-38:38
39        android:name="android.permission.FOREGROUND_SERVICE_SPECIAL_USE"
39-->src\main\AndroidManifest.xml:37:9-73
40        android:minSdkVersion="34" />
40-->src\main\AndroidManifest.xml:38:9-35
41    <!-- <uses-permission android:name="android.permission.ACCESS_NETWORK_STATE" /> -->
42    <uses-permission android:name="android.permission.POST_NOTIFICATIONS" />
42-->src\main\AndroidManifest.xml:40:5-77
42-->src\main\AndroidManifest.xml:40:22-74
43    <uses-permission android:name="android.permission.RECEIVE_BOOT_COMPLETED" />
43-->src\main\AndroidManifest.xml:41:5-81
43-->src\main\AndroidManifest.xml:41:22-78
44    <uses-permission android:name="android.permission.WAKE_LOCK" />
44-->[androidx.work:work-runtime:2.11.1] AndroidManifest.xml:23:5-68
44-->[androidx.work:work-runtime:2.11.1] AndroidManifest.xml:23:22-65
45
46    <permission
46-->[androidx.core:core:1.17.0] AndroidManifest.xml:22:5-24:47
47        android:name="ir.smcx.srvx.DYNAMIC_RECEIVER_NOT_EXPORTED_PERMISSION"
47-->[androidx.core:core:1.17.0] AndroidManifest.xml:23:9-81
48        android:protectionLevel="signature" />
48-->[androidx.core:core:1.17.0] AndroidManifest.xml:24:9-44
49
50    <uses-permission android:name="ir.smcx.srvx.DYNAMIC_RECEIVER_NOT_EXPORTED_PERMISSION" />
50-->[androidx.core:core:1.17.0] AndroidManifest.xml:26:5-97
50-->[androidx.core:core:1.17.0] AndroidManifest.xml:26:22-94
51
52    <uses-feature
52-->[com.journeyapps:zxing-android-embedded:4.3.0] AndroidManifest.xml:28:5-30:36
53        android:name="android.hardware.camera.front"
53-->[com.journeyapps:zxing-android-embedded:4.3.0] AndroidManifest.xml:29:9-53
54        android:required="false" />
54-->[com.journeyapps:zxing-android-embedded:4.3.0] AndroidManifest.xml:30:9-33
55    <uses-feature
55-->[com.journeyapps:zxing-android-embedded:4.3.0] AndroidManifest.xml:36:5-38:36
56        android:name="android.hardware.camera.flash"
56-->[com.journeyapps:zxing-android-embedded:4.3.0] AndroidManifest.xml:37:9-53
57        android:required="false" />
57-->[com.journeyapps:zxing-android-embedded:4.3.0] AndroidManifest.xml:38:9-33
58    <uses-feature
58-->[com.journeyapps:zxing-android-embedded:4.3.0] AndroidManifest.xml:39:5-41:36
59        android:name="android.hardware.screen.landscape"
59-->[com.journeyapps:zxing-android-embedded:4.3.0] AndroidManifest.xml:40:9-57
60        android:required="false" />
60-->[com.journeyapps:zxing-android-embedded:4.3.0] AndroidManifest.xml:41:9-33
61    <uses-feature
61-->[com.journeyapps:zxing-android-embedded:4.3.0] AndroidManifest.xml:42:5-44:36
62        android:name="android.hardware.wifi"
62-->[com.journeyapps:zxing-android-embedded:4.3.0] AndroidManifest.xml:43:9-45
63        android:required="false" />
63-->[com.journeyapps:zxing-android-embedded:4.3.0] AndroidManifest.xml:44:9-33
64
65    <application
65-->src\main\AndroidManifest.xml:43:5-304:19
66        android:name="com.v2ray.ang.AngApplication"
66-->src\main\AndroidManifest.xml:44:9-39
67        android:allowBackup="true"
67-->src\main\AndroidManifest.xml:45:9-35
68        android:appComponentFactory="androidx.core.app.CoreComponentFactory"
68-->[androidx.core:core:1.17.0] AndroidManifest.xml:28:18-86
69        android:banner="@mipmap/ic_banner"
69-->src\main\AndroidManifest.xml:46:9-43
70        android:debuggable="true"
71        android:extractNativeLibs="true"
71-->INJECTED
72        android:icon="@mipmap/ic_launcher"
72-->src\main\AndroidManifest.xml:47:9-43
73        android:label="@string/app_name"
73-->src\main\AndroidManifest.xml:48:9-41
74        android:networkSecurityConfig="@xml/network_security_config"
74-->src\main\AndroidManifest.xml:49:9-69
75        android:supportsRtl="true"
75-->src\main\AndroidManifest.xml:50:9-35
76        android:theme="@style/AppThemeDayNight.NoActionBar"
76-->src\main\AndroidManifest.xml:51:9-60
77        android:usesCleartextTraffic="true" >
77-->src\main\AndroidManifest.xml:52:9-44
78        <activity
78-->src\main\AndroidManifest.xml:54:9-64:20
79            android:name="com.v2ray.ang.srvx.SrvxLoginActivity"
79-->src\main\AndroidManifest.xml:55:13-51
80            android:exported="true"
80-->src\main\AndroidManifest.xml:56:13-36
81            android:launchMode="singleTask"
81-->src\main\AndroidManifest.xml:57:13-44
82            android:theme="@style/AppThemeDayNight.NoActionBar" >
82-->src\main\AndroidManifest.xml:58:13-64
83            <intent-filter>
83-->src\main\AndroidManifest.xml:59:13-63:29
84                <action android:name="android.intent.action.MAIN" />
84-->src\main\AndroidManifest.xml:60:17-69
84-->src\main\AndroidManifest.xml:60:25-66
85
86                <category android:name="android.intent.category.LAUNCHER" />
86-->src\main\AndroidManifest.xml:61:17-77
86-->src\main\AndroidManifest.xml:61:27-74
87                <category android:name="android.intent.category.LEANBACK_LAUNCHER" />
87-->src\main\AndroidManifest.xml:62:17-86
87-->src\main\AndroidManifest.xml:62:27-83
88            </intent-filter>
89        </activity>
90        <activity
90-->src\main\AndroidManifest.xml:65:9-76:20
91            android:name="com.v2ray.ang.ui.MainActivity"
91-->src\main\AndroidManifest.xml:66:13-44
92            android:exported="true"
92-->src\main\AndroidManifest.xml:67:13-36
93            android:launchMode="singleTask" >
93-->src\main\AndroidManifest.xml:68:13-44
94            <intent-filter>
94-->src\main\AndroidManifest.xml:69:13-71:29
95                <action android:name="android.service.quicksettings.action.QS_TILE_PREFERENCES" />
95-->src\main\AndroidManifest.xml:70:17-99
95-->src\main\AndroidManifest.xml:70:25-96
96            </intent-filter>
97
98            <meta-data
98-->src\main\AndroidManifest.xml:73:13-75:53
99                android:name="android.app.shortcuts"
99-->src\main\AndroidManifest.xml:74:17-53
100                android:resource="@xml/shortcuts" />
100-->src\main\AndroidManifest.xml:75:17-50
101        </activity>
102        <activity
102-->src\main\AndroidManifest.xml:77:9-80:60
103            android:name="com.v2ray.ang.ui.ServerActivity"
103-->src\main\AndroidManifest.xml:78:13-46
104            android:exported="false"
104-->src\main\AndroidManifest.xml:79:13-37
105            android:windowSoftInputMode="stateUnchanged" />
105-->src\main\AndroidManifest.xml:80:13-57
106        <activity
106-->src\main\AndroidManifest.xml:81:9-84:60
107            android:name="com.v2ray.ang.ui.ServerCustomConfigActivity"
107-->src\main\AndroidManifest.xml:82:13-58
108            android:exported="false"
108-->src\main\AndroidManifest.xml:83:13-37
109            android:windowSoftInputMode="stateUnchanged" />
109-->src\main\AndroidManifest.xml:84:13-57
110        <activity
110-->src\main\AndroidManifest.xml:85:9-88:60
111            android:name="com.v2ray.ang.ui.ServerGroupActivity"
111-->src\main\AndroidManifest.xml:86:13-51
112            android:exported="false"
112-->src\main\AndroidManifest.xml:87:13-37
113            android:windowSoftInputMode="stateUnchanged" />
113-->src\main\AndroidManifest.xml:88:13-57
114        <activity
114-->src\main\AndroidManifest.xml:89:9-92:60
115            android:name="com.v2ray.ang.ui.ServerProxyChainActivity"
115-->src\main\AndroidManifest.xml:90:13-56
116            android:exported="false"
116-->src\main\AndroidManifest.xml:91:13-37
117            android:windowSoftInputMode="stateUnchanged" />
117-->src\main\AndroidManifest.xml:92:13-57
118        <activity
118-->src\main\AndroidManifest.xml:93:9-95:40
119            android:name="com.v2ray.ang.ui.SettingsActivity"
119-->src\main\AndroidManifest.xml:94:13-48
120            android:exported="false" />
120-->src\main\AndroidManifest.xml:95:13-37
121        <activity
121-->src\main\AndroidManifest.xml:96:9-98:40
122            android:name="com.v2ray.ang.ui.PerAppProxyActivity"
122-->src\main\AndroidManifest.xml:97:13-51
123            android:exported="false" />
123-->src\main\AndroidManifest.xml:98:13-37
124        <activity
124-->src\main\AndroidManifest.xml:99:9-101:40
125            android:name="com.v2ray.ang.ui.AppPickerActivity"
125-->src\main\AndroidManifest.xml:100:13-49
126            android:exported="false" />
126-->src\main\AndroidManifest.xml:101:13-37
127        <activity
127-->src\main\AndroidManifest.xml:102:9-104:40
128            android:name="com.v2ray.ang.ui.ScannerActivity"
128-->src\main\AndroidManifest.xml:103:13-47
129            android:exported="false" />
129-->src\main\AndroidManifest.xml:104:13-37
130        <activity
130-->src\main\AndroidManifest.xml:105:9-107:40
131            android:name="com.v2ray.ang.ui.LogcatActivity"
131-->src\main\AndroidManifest.xml:106:13-46
132            android:exported="false" />
132-->src\main\AndroidManifest.xml:107:13-37
133        <activity
133-->src\main\AndroidManifest.xml:108:9-110:40
134            android:name="com.v2ray.ang.ui.RoutingSettingActivity"
134-->src\main\AndroidManifest.xml:109:13-54
135            android:exported="false" />
135-->src\main\AndroidManifest.xml:110:13-37
136        <activity
136-->src\main\AndroidManifest.xml:111:9-113:40
137            android:name="com.v2ray.ang.ui.RoutingEditActivity"
137-->src\main\AndroidManifest.xml:112:13-51
138            android:exported="false" />
138-->src\main\AndroidManifest.xml:113:13-37
139        <activity
139-->src\main\AndroidManifest.xml:114:9-116:40
140            android:name="com.v2ray.ang.ui.SubSettingActivity"
140-->src\main\AndroidManifest.xml:115:13-50
141            android:exported="false" />
141-->src\main\AndroidManifest.xml:116:13-37
142        <activity
142-->src\main\AndroidManifest.xml:117:9-119:40
143            android:name="com.v2ray.ang.ui.UserAssetActivity"
143-->src\main\AndroidManifest.xml:118:13-49
144            android:exported="false" />
144-->src\main\AndroidManifest.xml:119:13-37
145        <activity
145-->src\main\AndroidManifest.xml:120:9-122:40
146            android:name="com.v2ray.ang.ui.UserAssetUrlActivity"
146-->src\main\AndroidManifest.xml:121:13-52
147            android:exported="false" />
147-->src\main\AndroidManifest.xml:122:13-37
148        <activity
148-->src\main\AndroidManifest.xml:124:9-126:40
149            android:name="com.v2ray.ang.ui.SubEditActivity"
149-->src\main\AndroidManifest.xml:125:13-47
150            android:exported="false" />
150-->src\main\AndroidManifest.xml:126:13-37
151        <activity
151-->src\main\AndroidManifest.xml:127:9-129:40
152            android:name="com.v2ray.ang.ui.ScScannerActivity"
152-->src\main\AndroidManifest.xml:128:13-49
153            android:exported="false" />
153-->src\main\AndroidManifest.xml:129:13-37
154        <activity
154-->src\main\AndroidManifest.xml:130:9-135:79
155            android:name="com.v2ray.ang.ui.ScSwitchActivity"
155-->src\main\AndroidManifest.xml:131:13-48
156            android:excludeFromRecents="true"
156-->src\main\AndroidManifest.xml:132:13-46
157            android:exported="false"
157-->src\main\AndroidManifest.xml:133:13-37
158            android:process=":RunSoLibV2RayDaemon"
158-->src\main\AndroidManifest.xml:134:13-51
159            android:theme="@style/AppThemeDayNight.NoActionBar.Translucent" />
159-->src\main\AndroidManifest.xml:135:13-76
160        <activity
160-->src\main\AndroidManifest.xml:136:9-141:79
161            android:name="com.v2ray.ang.ui.ScStartActivity"
161-->src\main\AndroidManifest.xml:137:13-47
162            android:excludeFromRecents="true"
162-->src\main\AndroidManifest.xml:138:13-46
163            android:exported="false"
163-->src\main\AndroidManifest.xml:139:13-37
164            android:process=":RunSoLibV2RayDaemon"
164-->src\main\AndroidManifest.xml:140:13-51
165            android:theme="@style/AppThemeDayNight.NoActionBar.Translucent" />
165-->src\main\AndroidManifest.xml:141:13-76
166        <activity
166-->src\main\AndroidManifest.xml:142:9-147:79
167            android:name="com.v2ray.ang.ui.ScStopActivity"
167-->src\main\AndroidManifest.xml:143:13-46
168            android:excludeFromRecents="true"
168-->src\main\AndroidManifest.xml:144:13-46
169            android:exported="false"
169-->src\main\AndroidManifest.xml:145:13-37
170            android:process=":RunSoLibV2RayDaemon"
170-->src\main\AndroidManifest.xml:146:13-51
171            android:theme="@style/AppThemeDayNight.NoActionBar.Translucent" />
171-->src\main\AndroidManifest.xml:147:13-76
172        <activity
172-->src\main\AndroidManifest.xml:149:9-167:20
173            android:name="com.v2ray.ang.ui.UrlSchemeActivity"
173-->src\main\AndroidManifest.xml:150:13-49
174            android:exported="true" >
174-->src\main\AndroidManifest.xml:151:13-36
175            <intent-filter>
175-->src\main\AndroidManifest.xml:152:13-156:29
176                <action android:name="android.intent.action.SEND" />
176-->src\main\AndroidManifest.xml:153:17-69
176-->src\main\AndroidManifest.xml:153:25-66
177
178                <category android:name="android.intent.category.DEFAULT" />
178-->src\main\AndroidManifest.xml:154:17-76
178-->src\main\AndroidManifest.xml:154:27-73
179
180                <data android:mimeType="text/plain" />
180-->src\main\AndroidManifest.xml:155:17-55
180-->src\main\AndroidManifest.xml:155:23-52
181            </intent-filter>
182            <intent-filter>
182-->src\main\AndroidManifest.xml:157:13-166:29
183                <action android:name="android.intent.action.VIEW" />
183-->src\main\AndroidManifest.xml:158:17-69
183-->src\main\AndroidManifest.xml:158:25-66
184
185                <category android:name="android.intent.category.BROWSABLE" />
185-->src\main\AndroidManifest.xml:160:17-78
185-->src\main\AndroidManifest.xml:160:27-75
186                <category android:name="android.intent.category.DEFAULT" />
186-->src\main\AndroidManifest.xml:154:17-76
186-->src\main\AndroidManifest.xml:154:27-73
187
188                <data android:scheme="v2rayng" />
188-->src\main\AndroidManifest.xml:155:17-55
188-->src\main\AndroidManifest.xml:163:23-47
189                <data android:host="install-config" />
189-->src\main\AndroidManifest.xml:155:17-55
189-->src\main\AndroidManifest.xml:164:23-52
190                <data android:host="install-sub" />
190-->src\main\AndroidManifest.xml:155:17-55
190-->src\main\AndroidManifest.xml:164:23-52
191            </intent-filter>
192        </activity>
193        <activity
193-->src\main\AndroidManifest.xml:168:9-170:40
194            android:name="com.v2ray.ang.ui.CheckUpdateActivity"
194-->src\main\AndroidManifest.xml:169:13-51
195            android:exported="false" />
195-->src\main\AndroidManifest.xml:170:13-37
196        <activity
196-->src\main\AndroidManifest.xml:171:9-173:40
197            android:name="com.v2ray.ang.ui.BackupActivity"
197-->src\main\AndroidManifest.xml:172:13-46
198            android:exported="false" />
198-->src\main\AndroidManifest.xml:173:13-37
199        <activity
199-->src\main\AndroidManifest.xml:174:9-176:40
200            android:name="com.v2ray.ang.ui.AboutActivity"
200-->src\main\AndroidManifest.xml:175:13-45
201            android:exported="false" />
201-->src\main\AndroidManifest.xml:176:13-37
202
203        <service
203-->src\main\AndroidManifest.xml:178:9-196:19
204            android:name="com.v2ray.ang.service.CoreVpnService"
204-->src\main\AndroidManifest.xml:179:13-51
205            android:enabled="true"
205-->src\main\AndroidManifest.xml:180:13-35
206            android:exported="false"
206-->src\main\AndroidManifest.xml:181:13-37
207            android:foregroundServiceType="specialUse"
207-->src\main\AndroidManifest.xml:182:13-55
208            android:label="@string/app_name"
208-->src\main\AndroidManifest.xml:183:13-45
209            android:permission="android.permission.BIND_VPN_SERVICE"
209-->src\main\AndroidManifest.xml:184:13-69
210            android:process=":RunSoLibV2RayDaemon" >
210-->src\main\AndroidManifest.xml:185:13-51
211            <intent-filter>
211-->src\main\AndroidManifest.xml:187:13-189:29
212                <action android:name="android.net.VpnService" />
212-->src\main\AndroidManifest.xml:188:17-65
212-->src\main\AndroidManifest.xml:188:25-62
213            </intent-filter>
214
215            <meta-data
215-->src\main\AndroidManifest.xml:190:13-192:40
216                android:name="android.net.VpnService.SUPPORTS_ALWAYS_ON"
216-->src\main\AndroidManifest.xml:191:17-73
217                android:value="true" />
217-->src\main\AndroidManifest.xml:192:17-37
218
219            <property
219-->src\main\AndroidManifest.xml:193:13-195:39
220                android:name="android.app.PROPERTY_SPECIAL_USE_FGS_SUBTYPE"
220-->src\main\AndroidManifest.xml:194:17-76
221                android:value="vpn" />
221-->src\main\AndroidManifest.xml:195:17-36
222        </service>
223        <service
223-->src\main\AndroidManifest.xml:198:9-207:19
224            android:name="com.v2ray.ang.service.CoreProxyOnlyService"
224-->src\main\AndroidManifest.xml:199:13-57
225            android:exported="false"
225-->src\main\AndroidManifest.xml:200:13-37
226            android:foregroundServiceType="specialUse"
226-->src\main\AndroidManifest.xml:201:13-55
227            android:label="@string/app_name"
227-->src\main\AndroidManifest.xml:202:13-45
228            android:process=":RunSoLibV2RayDaemon" >
228-->src\main\AndroidManifest.xml:203:13-51
229            <property
229-->src\main\AndroidManifest.xml:193:13-195:39
230                android:name="android.app.PROPERTY_SPECIAL_USE_FGS_SUBTYPE"
230-->src\main\AndroidManifest.xml:194:17-76
231                android:value="proxy" />
231-->src\main\AndroidManifest.xml:195:17-36
232        </service>
233        <service
233-->src\main\AndroidManifest.xml:209:9-217:19
234            android:name="com.v2ray.ang.service.CoreTestService"
234-->src\main\AndroidManifest.xml:210:13-52
235            android:exported="false"
235-->src\main\AndroidManifest.xml:211:13-37
236            android:foregroundServiceType="specialUse"
236-->src\main\AndroidManifest.xml:212:13-55
237            android:process=":RunSoLibV2RayDaemon" >
237-->src\main\AndroidManifest.xml:213:13-51
238            <property
238-->src\main\AndroidManifest.xml:193:13-195:39
239                android:name="android.app.PROPERTY_SPECIAL_USE_FGS_SUBTYPE"
239-->src\main\AndroidManifest.xml:194:17-76
240                android:value="test" />
240-->src\main\AndroidManifest.xml:195:17-36
241        </service>
242
243        <receiver
243-->src\main\AndroidManifest.xml:219:9-231:20
244            android:name="com.v2ray.ang.receiver.WidgetProvider"
244-->src\main\AndroidManifest.xml:220:13-52
245            android:exported="true"
245-->src\main\AndroidManifest.xml:221:13-36
246            android:process=":RunSoLibV2RayDaemon" >
246-->src\main\AndroidManifest.xml:222:13-51
247            <meta-data
247-->src\main\AndroidManifest.xml:223:13-225:63
248                android:name="android.appwidget.provider"
248-->src\main\AndroidManifest.xml:224:17-58
249                android:resource="@xml/app_widget_provider" />
249-->src\main\AndroidManifest.xml:225:17-60
250
251            <intent-filter>
251-->src\main\AndroidManifest.xml:226:13-230:29
252                <action android:name="android.appwidget.action.APPWIDGET_UPDATE" />
252-->src\main\AndroidManifest.xml:227:17-84
252-->src\main\AndroidManifest.xml:227:25-81
253                <action android:name="ir.smcx.srvx.action.widget.click" />
253-->INJECTED
253-->INJECTED
254                <action android:name="ir.smcx.srvx.action.activity" />
254-->INJECTED
254-->INJECTED
255            </intent-filter>
256        </receiver>
257        <receiver
257-->src\main\AndroidManifest.xml:232:9-239:20
258            android:name="com.v2ray.ang.receiver.BootReceiver"
258-->src\main\AndroidManifest.xml:233:13-50
259            android:exported="true"
259-->src\main\AndroidManifest.xml:234:13-36
260            android:label="BootReceiver" >
260-->src\main\AndroidManifest.xml:235:13-41
261            <intent-filter>
261-->src\main\AndroidManifest.xml:236:13-238:29
262                <action android:name="android.intent.action.BOOT_COMPLETED" />
262-->src\main\AndroidManifest.xml:237:17-79
262-->src\main\AndroidManifest.xml:237:25-76
263            </intent-filter>
264        </receiver>
265
266        <service
266-->src\main\AndroidManifest.xml:241:9-255:19
267            android:name="com.v2ray.ang.service.QSTileService"
267-->src\main\AndroidManifest.xml:242:13-50
268            android:exported="true"
268-->src\main\AndroidManifest.xml:243:13-36
269            android:foregroundServiceType="specialUse"
269-->src\main\AndroidManifest.xml:244:13-55
270            android:icon="@drawable/ic_stat_name"
270-->src\main\AndroidManifest.xml:245:13-50
271            android:label="@string/app_tile_name"
271-->src\main\AndroidManifest.xml:246:13-50
272            android:permission="android.permission.BIND_QUICK_SETTINGS_TILE"
272-->src\main\AndroidManifest.xml:247:13-77
273            android:process=":RunSoLibV2RayDaemon" >
273-->src\main\AndroidManifest.xml:248:13-51
274            <intent-filter>
274-->src\main\AndroidManifest.xml:249:13-251:29
275                <action android:name="android.service.quicksettings.action.QS_TILE" />
275-->src\main\AndroidManifest.xml:250:17-87
275-->src\main\AndroidManifest.xml:250:25-84
276            </intent-filter>
277
278            <property
278-->src\main\AndroidManifest.xml:193:13-195:39
279                android:name="android.app.PROPERTY_SPECIAL_USE_FGS_SUBTYPE"
279-->src\main\AndroidManifest.xml:194:17-76
280                android:value="tile" />
280-->src\main\AndroidManifest.xml:195:17-36
281        </service>
282        <!-- =====================Tasker===================== -->
283        <activity
283-->src\main\AndroidManifest.xml:257:9-264:20
284            android:name="com.v2ray.ang.ui.TaskerActivity"
284-->src\main\AndroidManifest.xml:258:13-46
285            android:exported="true"
285-->src\main\AndroidManifest.xml:259:13-36
286            android:icon="@mipmap/ic_launcher" >
286-->src\main\AndroidManifest.xml:260:13-47
287            <intent-filter>
287-->src\main\AndroidManifest.xml:261:13-263:29
288                <action android:name="com.twofortyfouram.locale.intent.action.EDIT_SETTING" />
288-->src\main\AndroidManifest.xml:262:17-95
288-->src\main\AndroidManifest.xml:262:25-92
289            </intent-filter>
290        </activity>
291
292        <receiver
292-->src\main\AndroidManifest.xml:266:9-274:20
293            android:name="com.v2ray.ang.receiver.TaskerReceiver"
293-->src\main\AndroidManifest.xml:267:13-52
294            android:exported="true"
294-->src\main\AndroidManifest.xml:268:13-36
295            android:process=":RunSoLibV2RayDaemon" >
295-->src\main\AndroidManifest.xml:269:13-51
296            <intent-filter>
296-->src\main\AndroidManifest.xml:271:13-273:29
297                <action android:name="com.twofortyfouram.locale.intent.action.FIRE_SETTING" />
297-->src\main\AndroidManifest.xml:272:17-95
297-->src\main\AndroidManifest.xml:272:25-92
298            </intent-filter>
299        </receiver>
300        <!-- =====================Tasker===================== -->
301        <provider
301-->INJECTED
302            android:name="androidx.startup.InitializationProvider"
302-->src\main\AndroidManifest.xml:277:13-67
303            android:authorities="ir.smcx.srvx.androidx-startup"
303-->INJECTED
304            android:exported="false" >
304-->src\main\AndroidManifest.xml:279:13-37
305            <meta-data
305-->[androidx.emoji2:emoji2:1.3.0] AndroidManifest.xml:29:13-31:52
306                android:name="androidx.emoji2.text.EmojiCompatInitializer"
306-->[androidx.emoji2:emoji2:1.3.0] AndroidManifest.xml:30:17-75
307                android:value="androidx.startup" />
307-->[androidx.emoji2:emoji2:1.3.0] AndroidManifest.xml:31:17-49
308            <meta-data
308-->[androidx.lifecycle:lifecycle-process:2.10.0] AndroidManifest.xml:29:13-31:52
309                android:name="androidx.lifecycle.ProcessLifecycleInitializer"
309-->[androidx.lifecycle:lifecycle-process:2.10.0] AndroidManifest.xml:30:17-78
310                android:value="androidx.startup" />
310-->[androidx.lifecycle:lifecycle-process:2.10.0] AndroidManifest.xml:31:17-49
311            <meta-data
311-->[androidx.profileinstaller:profileinstaller:1.4.1] AndroidManifest.xml:29:13-31:52
312                android:name="androidx.profileinstaller.ProfileInstallerInitializer"
312-->[androidx.profileinstaller:profileinstaller:1.4.1] AndroidManifest.xml:30:17-85
313                android:value="androidx.startup" />
313-->[androidx.profileinstaller:profileinstaller:1.4.1] AndroidManifest.xml:31:17-49
314            <meta-data
314-->[com.squareup.okhttp3:okhttp-android:5.3.2] AndroidManifest.xml:16:13-18:52
315                android:name="okhttp3.internal.platform.PlatformInitializer"
315-->[com.squareup.okhttp3:okhttp-android:5.3.2] AndroidManifest.xml:17:17-77
316                android:value="androidx.startup" />
316-->[com.squareup.okhttp3:okhttp-android:5.3.2] AndroidManifest.xml:18:17-49
317        </provider>
318
319        <service
319-->src\main\AndroidManifest.xml:289:9-292:37
320            android:name="androidx.work.multiprocess.RemoteWorkManagerService"
320-->src\main\AndroidManifest.xml:290:13-79
321            android:exported="false"
321-->src\main\AndroidManifest.xml:291:13-37
322            android:process=":bg" />
322-->src\main\AndroidManifest.xml:292:13-34
323
324        <provider
324-->INJECTED
325            android:name="androidx.core.content.FileProvider"
325-->src\main\AndroidManifest.xml:295:13-62
326            android:authorities="ir.smcx.srvx.cache"
326-->INJECTED
327            android:exported="false"
327-->src\main\AndroidManifest.xml:297:13-37
328            android:grantUriPermissions="true" >
328-->src\main\AndroidManifest.xml:298:13-47
329            <meta-data
329-->src\main\AndroidManifest.xml:299:13-301:55
330                android:name="android.support.FILE_PROVIDER_PATHS"
330-->src\main\AndroidManifest.xml:300:17-67
331                android:resource="@xml/cache_paths" />
331-->src\main\AndroidManifest.xml:301:17-52
332        </provider>
333
334        <activity
334-->[com.github.T8RIN.QuickieExtended:quickie-foss:1.14.0] AndroidManifest.xml:15:9-19:45
335            android:name="io.github.g00fy2.quickie.QRScannerActivity"
335-->[com.github.T8RIN.QuickieExtended:quickie-foss:1.14.0] AndroidManifest.xml:16:13-70
336            android:screenOrientation="behind"
336-->[com.github.T8RIN.QuickieExtended:quickie-foss:1.14.0] AndroidManifest.xml:17:13-47
337            android:theme="@style/QuickieScannerActivity" />
337-->[com.github.T8RIN.QuickieExtended:quickie-foss:1.14.0] AndroidManifest.xml:18:13-58
338        <!--
339        Service for holding metadata. Cannot be instantiated.
340        Metadata will be merged from other manifests.
341        -->
342        <service
342-->[androidx.camera:camera-core:1.4.1] AndroidManifest.xml:29:9-33:78
343            android:name="androidx.camera.core.impl.MetadataHolderService"